<?xml version="1.0" encoding="UTF-8"?>
<testsuite xmlns:xsi="http://www.w3.org/2001/XMLSchema-instance" xsi:noNamespaceSchemaLocation="https://maven.apache.org/surefire/maven-surefire-plugin/xsd/surefire-test-report-3.0.xsd" version="3.0" name="com.klzw.common.auth.context.UserContextTest" time="0.058" tests="10" errors="0" skipped="0" failures="0">
  <properties>
[...]
</properties>
  <testcase name="setUserId_shouldOverwritePreviousValue" classname="com.klzw.common.auth.context.UserContextTest" time="0.011"/>
  <testcase name="setUsername_shouldSetUsername" classname="com.klzw.common.auth.context.UserContextTest" time="0.006"/>
  <testcase name="getUserId_shouldReturnNull_whenNotSet" classname="com.klzw.common.auth.context.UserContextTest" time="0.002"/>
  <testcase name="threadIsolation_shouldIsolateDataBetweenThreads" classname="com.klzw.common.auth.context.UserContextTest" time="0.009"/>
  <testcase name="clear_shouldRemoveUsername" classname="com.klzw.common.auth.context.UserContextTest" time="0.001"/>
  <testcase name="setUserId_shouldSetUserId" classname="com.klzw.common.auth.context.UserContextTest" time="0.002"/>
  <testcase name="setUsername_shouldOverwritePreviousValue" classname="com.klzw.common.auth.context.UserContextTest" time="0.002"/>
  <testcase name="clear_shouldRemoveUserId" classname="com.klzw.common.auth.context.UserContextTest" time="0.002"/>
  <testcase name="getUsername_shouldReturnNull_whenNotSet" classname="com.klzw.common.auth.context.UserContextTest" time="0.002"/>
  <testcase name="clear_shouldNotThrowException_whenCalledMultipleTimes" classname="com.klzw.common.auth.context.UserContextTest" time="0.002"/>
</testsuite>